<?xml version="1.0" encoding="UTF-8" ?>
<testsuites>
  <testsuite errors="0" failures="0" hostname="sarathi106" id="0" name="PriceControllerSpec" package="com.grails.practical.test" tests="4" time="1.414" timestamp="2017-05-19T11:21:41">
      <properties />

      <testcase classname="com.grails.practical.test.PriceControllerSpec" name="Test the index action returns the correct model" time="1.288" />

      <testcase classname="com.grails.practical.test.PriceControllerSpec" name="Test the create action returns the correct model" time="0.054" />

      <testcase classname="com.grails.practical.test.PriceControllerSpec" name="Test the save action correctly persists an instance" time="0.029" />

      <testcase classname="com.grails.practical.test.PriceControllerSpec" name="Test that the show action returns the correct model" time="0.034" />

      <system-out><![CDATA[--Output from Test the index action returns the correct model--
--Output from Test the create action returns the correct model--
--Output from Test the save action correctly persists an instance--
--Output from Test that the show action returns the correct model--
]]></system-out>

      <system-err><![CDATA[--Output from Test the index action returns the correct model--
--Output from Test the create action returns the correct model--
--Output from Test the save action correctly persists an instance--
--Output from Test that the show action returns the correct model--
]]></system-err>

  </testsuite>
  <testsuite errors="0" failures="0" hostname="sarathi106" id="1" name="PriceSpec" package="com.grails.practical.test" tests="3" time="1.47" timestamp="2017-05-19T11:21:40">
      <properties />

      <testcase classname="com.grails.practical.test.PriceSpec" name="test price not null" time="1.401" />

      <testcase classname="com.grails.practical.test.PriceSpec" name="test price is not less than 0.0" time="0.02" />

      <testcase classname="com.grails.practical.test.PriceSpec" name="test price is not greater 99999999.99" time="0.011" />

      <system-out><![CDATA[--Output from test price not null--
--Output from test price is not less than 0.0--
--Output from test price is not greater 99999999.99--
]]></system-out>

      <system-err><![CDATA[--Output from test price not null--
--Output from test price is not less than 0.0--
--Output from test price is not greater 99999999.99--
]]></system-err>

  </testsuite>
  <testsuite errors="0" failures="0" hostname="sarathi106" id="2" name="ProductControllerSpec" package="com.grails.practical.test" tests="3" time="0.191" timestamp="2017-05-19T11:21:43">
      <properties />

      <testcase classname="com.grails.practical.test.ProductControllerSpec" name="Test the index action returns the correct model" time="0.141" />

      <testcase classname="com.grails.practical.test.ProductControllerSpec" name="Test the create action returns the correct model" time="0.019" />

      <testcase classname="com.grails.practical.test.ProductControllerSpec" name="Test the save action correctly persists an instance" time="0.022" />

      <system-out><![CDATA[--Output from Test the index action returns the correct model--
--Output from Test the create action returns the correct model--
--Output from Test the save action correctly persists an instance--
]]></system-out>

      <system-err><![CDATA[--Output from Test the index action returns the correct model--
--Output from Test the create action returns the correct model--
--Output from Test the save action correctly persists an instance--
]]></system-err>

  </testsuite>
  <testsuite errors="0" failures="0" hostname="sarathi106" id="3" name="ProductSpec" package="com.grails.practical.test" tests="6" time="0.104" timestamp="2017-05-19T11:21:43">
      <properties />

      <testcase classname="com.grails.practical.test.ProductSpec" name="test product barcode not null" time="0.051" />

      <testcase classname="com.grails.practical.test.ProductSpec" name="test product barcode not blank" time="0.01" />

      <testcase classname="com.grails.practical.test.ProductSpec" name="test product barcode is unique" time="0.008" />

      <testcase classname="com.grails.practical.test.ProductSpec" name="test product name not null" time="0.009" />

      <testcase classname="com.grails.practical.test.ProductSpec" name="test product name not blank" time="0.008" />

      <testcase classname="com.grails.practical.test.ProductSpec" name="test product name is unique" time="0.014" />

      <system-out><![CDATA[--Output from test product barcode not null--
--Output from test product barcode not blank--
--Output from test product barcode is unique--
--Output from test product name not null--
--Output from test product name not blank--
--Output from test product name is unique--
]]></system-out>

      <system-err><![CDATA[--Output from test product barcode not null--
--Output from test product barcode not blank--
--Output from test product barcode is unique--
--Output from test product name not null--
--Output from test product name not blank--
--Output from test product name is unique--
]]></system-err>

  </testsuite>
</testsuites>
